\BOOKMARK [1][-]{section.1}{\376\377\173\054\116\000\172\340\000\040\230\171\166\356\200\314\146\157}{}% 1
\BOOKMARK [2][-]{subsection.1.1}{\376\377\0001\000.\0001\000\040\116\073\230\230}{section.1}% 2
\BOOKMARK [2][-]{subsection.1.2}{\376\377\0001\000.\0002\000\040\170\024\172\166\172\313\141\017\377\032\143\242\175\042\140\047\377\014\200\014\227\136\230\204\213\276\176\323\213\272}{section.1}% 3
\BOOKMARK [2][-]{subsection.1.3}{\376\377\0001\000.\0003\000\040\116\072\116\300\116\110\146\057\000\040\0007\0001\0002\040\023\0001\0002\0007\0009\000\040\217\331\116\052\215\350\136\246}{section.1}% 4
\BOOKMARK [2][-]{subsection.1.4}{\376\377\0001\000.\0004\000\040\123\206\123\362\122\006\147\037\377\032\116\224\147\037\000\040\000+\000\040\116\044\220\123\145\255\210\302\136\046}{section.1}% 5
\BOOKMARK [1][-]{section.2}{\376\377\173\054\116\214\172\340\000\040\122\006\147\220\116\373\122\241\133\232\116\111}{}% 6
\BOOKMARK [2][-]{subsection.2.1}{\376\377\0002\000.\0001\000\040\150\070\137\303\170\024\172\166\225\356\230\230}{section.2}% 7
\BOOKMARK [2][-]{subsection.2.2}{\376\377\0002\000.\0002\000\040\116\072\116\300\116\110\165\050\123\357\211\306\123\026\377\014\200\014\227\136\176\257\176\337\213\241\000\040\000/\000\040\147\072\126\150\133\146\116\140}{section.2}% 8
\BOOKMARK [2][-]{subsection.2.3}{\376\377\0002\000.\0003\000\040\121\155\116\052\122\006\147\220\133\120\116\373\122\241\377\010\000X\000\040\217\164\000\040\000=\000\040\116\224\116\052\147\011\136\217\145\366\147\037\377\011}{section.2}% 9
\BOOKMARK [2][-]{subsection.2.4}{\376\377\0002\000.\0004\000\040\123\326\202\015\377\010\146\016\170\156\122\040\121\317\377\014\220\177\121\115\123\321\145\143\377\011}{section.2}% 10
\BOOKMARK [1][-]{section.3}{\376\377\173\054\116\011\172\340\000\040\145\160\143\156\213\364\146\016}{}% 11
\BOOKMARK [2][-]{subsection.3.1}{\376\377\0003\000.\0001\000\040\145\160\143\156\147\145\156\220}{section.3}% 12
\BOOKMARK [2][-]{subsection.3.2}{\376\377\0003\000.\0002\000\040\116\044\116\052\127\060\127\372\140\047\116\213\133\236\377\010\121\263\133\232\116\206\145\164\131\127\131\004\164\006\377\011}{section.3}% 13
\BOOKMARK [2][-]{subsection.3.3}{\376\377\0003\000.\0003\000\040\170\156\133\232\140\047\131\004\164\006\173\241\220\123}{section.3}% 14
\BOOKMARK [2][-]{subsection.3.4}{\376\377\0003\000.\0004\000\040\145\366\147\037\122\006\136\003\377\010\213\355\145\231\000\040\0007\0008\0006\0004\0008\000\040\231\226\377\011}{section.3}% 15
\BOOKMARK [2][-]{subsection.3.5}{\376\377\0003\000.\0005\000\040\116\352\210\150\166\330\145\160\143\156\131\121\176\246}{section.3}% 16
\BOOKMARK [2][-]{subsection.3.6}{\376\377\0003\000.\0006\000\040\135\362\167\345\134\100\226\120}{section.3}% 17
\BOOKMARK [1][-]{section.4}{\376\377\173\054\126\333\172\340\000\040\213\276\213\241\145\271\150\110}{}% 18
\BOOKMARK [2][-]{subsection.4.1}{\376\377\0004\000.\0001\000\040\213\276\213\241\227\000\154\102}{section.4}% 19
\BOOKMARK [2][-]{subsection.4.2}{\376\377\0004\000.\0002\000\040\211\306\211\311\226\220\125\273\377\032\145\366\225\364\225\177\154\263\116\012\166\204\040\034\155\101\040\035\116\016\040\034\176\101\146\037\040\035}{section.4}% 20
\BOOKMARK [2][-]{subsection.4.3}{\376\377\0004\000.\0003\000\040\142\200\147\057\150\010}{section.4}% 21
\BOOKMARK [2][-]{subsection.4.4}{\376\377\0004\000.\0004\000\040\121\155\134\117\123\331\116\213\176\323\147\204}{section.4}% 22
\BOOKMARK [2][-]{subsection.4.5}{\376\377\0004\000.\0005\000\040\131\032\211\306\126\376\123\117\214\003}{section.4}% 23
\BOOKMARK [1][-]{section.5}{\376\377\173\054\116\224\172\340\000\040\133\236\163\260\217\333\134\125\116\016\137\205\133\214\142\020\135\345\117\134}{}% 24
\BOOKMARK [2][-]{subsection.5.1}{\376\377\0005\000.\0001\000\040\166\356\122\115\133\236\163\260\217\333\134\125}{section.5}% 25
\BOOKMARK [3][-]{subsubsection.5.1.1}{\376\377\0005\000.\0001\000.\0001\000\040\145\160\143\156\131\004\164\006\173\241\220\123\377\010\135\362\133\214\142\020\136\166\220\032\217\307\150\041\232\214\377\011}{subsection.5.1}% 26
\BOOKMARK [3][-]{subsubsection.5.1.2}{\376\377\0005\000.\0001\000.\0002\000\040\122\035\153\145\122\006\147\220\123\321\163\260\377\010\150\070\137\303\176\323\147\234\377\011}{subsection.5.1}% 27
\BOOKMARK [3][-]{subsubsection.5.1.3}{\376\377\0005\000.\0001\000.\0003\000\040\145\207\150\143\116\016\134\001\227\142}{subsection.5.1}% 28
\BOOKMARK [2][-]{subsection.5.2}{\376\377\0005\000.\0002\000\040\137\205\133\214\142\020\166\204\135\345\117\134}{section.5}% 29
